<?xml version="1.0" encoding="UTF-8"?>
<testsuite xmlns:xsi="http://www.w3.org/2001/XMLSchema-instance" xsi:noNamespaceSchemaLocation="https://maven.apache.org/surefire/maven-surefire-plugin/xsd/surefire-test-report-3.0.xsd" version="3.0" name="TestSuite" time="1.305" tests="28" errors="0" skipped="0" failures="0">
  <properties>
    <property name="java.specification.version" value="17"/>
    <property name="sun.cpu.isalist" value="amd64"/>
    <property name="sun.jnu.encoding" value="Cp1251"/>
    <property name="java.class.path" value="C:\Users\Home\rb_dr\dz-11\target\test-classes;C:\Users\Home\rb_dr\dz-11\target\classes;C:\Users\Home\.m2\repository\org\testng\testng\7.7.1\testng-7.7.1.jar;C:\Users\Home\.m2\repository\org\slf4j\slf4j-api\1.7.36\slf4j-api-1.7.36.jar;C:\Users\Home\.m2\repository\com\beust\jcommander\1.82\jcommander-1.82.jar;C:\Users\Home\.m2\repository\org\webjars\jquery\3.6.1\jquery-3.6.1.jar;C:\Users\Home\.m2\repository\io\rest-assured\rest-assured\5.3.0\rest-assured-5.3.0.jar;C:\Users\Home\.m2\repository\org\apache\groovy\groovy\4.0.6\groovy-4.0.6.jar;C:\Users\Home\.m2\repository\org\apache\groovy\groovy-xml\4.0.6\groovy-xml-4.0.6.jar;C:\Users\Home\.m2\repository\org\apache\httpcomponents\httpclient\4.5.13\httpclient-4.5.13.jar;C:\Users\Home\.m2\repository\org\apache\httpcomponents\httpcore\4.4.13\httpcore-4.4.13.jar;C:\Users\Home\.m2\repository\commons-logging\commons-logging\1.2\commons-logging-1.2.jar;C:\Users\Home\.m2\repository\commons-codec\commons-codec\1.11\commons-codec-1.11.jar;C:\Users\Home\.m2\repository\org\apache\httpcomponents\httpmime\4.5.13\httpmime-4.5.13.jar;C:\Users\Home\.m2\repository\org\hamcrest\hamcrest\2.1\hamcrest-2.1.jar;C:\Users\Home\.m2\repository\org\ccil\cowan\tagsoup\tagsoup\1.2.1\tagsoup-1.2.1.jar;C:\Users\Home\.m2\repository\io\rest-assured\json-path\5.3.0\json-path-5.3.0.jar;C:\Users\Home\.m2\repository\org\apache\groovy\groovy-json\4.0.6\groovy-json-4.0.6.jar;C:\Users\Home\.m2\repository\io\rest-assured\rest-assured-common\5.3.0\rest-assured-common-5.3.0.jar;C:\Users\Home\.m2\repository\io\rest-assured\xml-path\5.3.0\xml-path-5.3.0.jar;C:\Users\Home\.m2\repository\org\apache\commons\commons-lang3\3.11\commons-lang3-3.11.jar;"/>
    <property name="java.vm.vendor" value="Oracle Corporation"/>
    <property name="sun.arch.data.model" value="64"/>
    <property name="user.variant" value=""/>
    <property name="java.vendor.url" value="https://java.oracle.com/"/>
    <property name="user.timezone" value="Europe/Kiev"/>
    <property name="os.name" value="Windows 10"/>
    <property name="java.vm.specification.version" value="17"/>
    <property name="sun.java.launcher" value="SUN_STANDARD"/>
    <property name="user.country" value="UA"/>
    <property name="sun.boot.library.path" value="C:\Program Files\Java\jdk-17\bin"/>
    <property name="sun.java.command" value="C:\Users\Home\AppData\Local\Temp\surefire6453022751570035527\surefirebooter-20230528193754175_3.jar C:\Users\Home\AppData\Local\Temp\surefire6453022751570035527 2023-05-28T19-37-53_895-jvmRun1 surefire-20230528193754175_1tmp surefire_0-20230528193754175_2tmp"/>
    <property name="jdk.debug" value="release"/>
    <property name="surefire.test.class.path" value="C:\Users\Home\rb_dr\dz-11\target\test-classes;C:\Users\Home\rb_dr\dz-11\target\classes;C:\Users\Home\.m2\repository\org\testng\testng\7.7.1\testng-7.7.1.jar;C:\Users\Home\.m2\repository\org\slf4j\slf4j-api\1.7.36\slf4j-api-1.7.36.jar;C:\Users\Home\.m2\repository\com\beust\jcommander\1.82\jcommander-1.82.jar;C:\Users\Home\.m2\repository\org\webjars\jquery\3.6.1\jquery-3.6.1.jar;C:\Users\Home\.m2\repository\io\rest-assured\rest-assured\5.3.0\rest-assured-5.3.0.jar;C:\Users\Home\.m2\repository\org\apache\groovy\groovy\4.0.6\groovy-4.0.6.jar;C:\Users\Home\.m2\repository\org\apache\groovy\groovy-xml\4.0.6\groovy-xml-4.0.6.jar;C:\Users\Home\.m2\repository\org\apache\httpcomponents\httpclient\4.5.13\httpclient-4.5.13.jar;C:\Users\Home\.m2\repository\org\apache\httpcomponents\httpcore\4.4.13\httpcore-4.4.13.jar;C:\Users\Home\.m2\repository\commons-logging\commons-logging\1.2\commons-logging-1.2.jar;C:\Users\Home\.m2\repository\commons-codec\commons-codec\1.11\commons-codec-1.11.jar;C:\Users\Home\.m2\repository\org\apache\httpcomponents\httpmime\4.5.13\httpmime-4.5.13.jar;C:\Users\Home\.m2\repository\org\hamcrest\hamcrest\2.1\hamcrest-2.1.jar;C:\Users\Home\.m2\repository\org\ccil\cowan\tagsoup\tagsoup\1.2.1\tagsoup-1.2.1.jar;C:\Users\Home\.m2\repository\io\rest-assured\json-path\5.3.0\json-path-5.3.0.jar;C:\Users\Home\.m2\repository\org\apache\groovy\groovy-json\4.0.6\groovy-json-4.0.6.jar;C:\Users\Home\.m2\repository\io\rest-assured\rest-assured-common\5.3.0\rest-assured-common-5.3.0.jar;C:\Users\Home\.m2\repository\io\rest-assured\xml-path\5.3.0\xml-path-5.3.0.jar;C:\Users\Home\.m2\repository\org\apache\commons\commons-lang3\3.11\commons-lang3-3.11.jar;"/>
    <property name="sun.cpu.endian" value="little"/>
    <property name="user.home" value="C:\Users\Home"/>
    <property name="user.language" value="uk"/>
    <property name="java.specification.vendor" value="Oracle Corporation"/>
    <property name="java.version.date" value="2023-01-17"/>
    <property name="java.home" value="C:\Program Files\Java\jdk-17"/>
    <property name="file.separator" value="\"/>
    <property name="basedir" value="C:\Users\Home\rb_dr\dz-11"/>
    <property name="java.vm.compressedOopsMode" value="32-bit"/>
    <property name="line.separator" value="&#10;"/>
    <property name="java.vm.specification.vendor" value="Oracle Corporation"/>
    <property name="java.specification.name" value="Java Platform API Specification"/>
    <property name="surefire.real.class.path" value="C:\Users\Home\AppData\Local\Temp\surefire6453022751570035527\surefirebooter-20230528193754175_3.jar"/>
    <property name="user.script" value=""/>
    <property name="sun.management.compiler" value="HotSpot 64-Bit Tiered Compilers"/>
    <property name="java.runtime.version" value="17.0.6+9-LTS-190"/>
    <property name="user.name" value="Home"/>
    <property name="path.separator" value=";"/>
    <property name="os.version" value="10.0"/>
    <property name="java.runtime.name" value="Java(TM) SE Runtime Environment"/>
    <property name="file.encoding" value="Cp1251"/>
    <property name="java.vm.name" value="Java HotSpot(TM) 64-Bit Server VM"/>
    <property name="localRepository" value="C:\Users\Home\.m2\repository"/>
    <property name="java.vendor.url.bug" value="https://bugreport.java.com/bugreport/"/>
    <property name="java.io.tmpdir" value="C:\Users\Home\AppData\Local\Temp\"/>
    <property name="java.version" value="17.0.6"/>
    <property name="user.dir" value="C:\Users\Home\rb_dr\dz-11"/>
    <property name="os.arch" value="amd64"/>
    <property name="java.vm.specification.name" value="Java Virtual Machine Specification"/>
    <property name="sun.os.patch.level" value=""/>
    <property name="native.encoding" value="Cp1251"/>
    <property name="java.library.path" value="C:\Program Files\Java\jdk-17\bin;C:\Windows\Sun\Java\bin;C:\Windows\system32;C:\Windows;C:\Program Files\Common Files\Oracle\Java\javapath;C:\Windows\system32;C:\Windows;C:\Windows\System32\Wbem;C:\Windows\System32\WindowsPowerShell\v1.0\;C:\Windows\System32\OpenSSH\;C:\Program Files\Git\cmd;C:\Program Files\Calibre2\;C:\Program Files\Docker\Docker\resources\bin;C:\Users\Home\Maven\apache-maven-3.9.1\bin;C:\Users\Home\AppData\Local\Microsoft\WindowsApps;;C:\Users\Home\AppData\Local\Programs\Microsoft VS Code\bin;."/>
    <property name="java.vm.info" value="mixed mode, sharing"/>
    <property name="java.vendor" value="Oracle Corporation"/>
    <property name="java.vm.version" value="17.0.6+9-LTS-190"/>
    <property name="sun.io.unicode.encoding" value="UnicodeLittle"/>
    <property name="java.class.version" value="61.0"/>
  </properties>
  <testcase name="testAgeGet" classname="persondetails.TestWomanDetails" time="0.006">
    <system-err><![CDATA[SLF4J: Failed to load class "org.slf4j.impl.StaticLoggerBinder".
SLF4J: Defaulting to no-operation (NOP) logger implementation
SLF4J: See http://www.slf4j.org/codes.html#StaticLoggerBinder for further details.
]]></system-err>
  </testcase>
  <testcase name="testAgeSet" classname="persondetails.TestWomanDetails" time="0"/>
  <testcase name="testFirstNameGet" classname="persondetails.TestWomanDetails" time="0.002"/>
  <testcase name="testFirstNameSet" classname="persondetails.TestWomanDetails" time="0.003"/>
  <testcase name="testHobbyGet" classname="persondetails.TestWomanDetails" time="0.001"/>
  <testcase name="testHobbySet" classname="persondetails.TestWomanDetails" time="0.001"/>
  <testcase name="testIfContain" classname="persondetails.TestWomanDetails" time="0"/>
  <testcase name="testIfDeregisterPartnership" classname="persondetails.TestWomanDetails" time="0"/>
  <testcase name="testIfHasBadge" classname="persondetails.TestWomanDetails" time="0.007"/>
  <testcase name="testIfRegisterPartnership" classname="persondetails.TestWomanDetails" time="0"/>
  <testcase name="testIfWomanRetired" classname="persondetails.TestWomanDetails" time="0.001"/>
  <testcase name="testLastNameGet" classname="persondetails.TestWomanDetails" time="0"/>
  <testcase name="testLastNameSet" classname="persondetails.TestWomanDetails" time="0.002"/>
  <testcase name="testPartnerGet" classname="persondetails.TestWomanDetails" time="0.005"/>
  <testcase name="testPartnerSet" classname="persondetails.TestWomanDetails" time="0.001"/>
  <testcase name="testAgeGet" classname="persondetails.TestManDetails" time="0.001"/>
  <testcase name="testAgeSet" classname="persondetails.TestManDetails" time="0"/>
  <testcase name="testFirstNameGet" classname="persondetails.TestManDetails" time="0"/>
  <testcase name="testFirstNameSet" classname="persondetails.TestManDetails" time="0"/>
  <testcase name="testHobbyGet" classname="persondetails.TestManDetails" time="0.001"/>
  <testcase name="testHobbySet" classname="persondetails.TestManDetails" time="0"/>
  <testcase name="testIfContain" classname="persondetails.TestManDetails" time="0"/>
  <testcase name="testIfHasBadge" classname="persondetails.TestManDetails" time="0.002"/>
  <testcase name="testIfManRetired" classname="persondetails.TestManDetails" time="0"/>
  <testcase name="testLastNameGet" classname="persondetails.TestManDetails" time="0.001"/>
  <testcase name="testLastNameSet" classname="persondetails.TestManDetails" time="0.004"/>
  <testcase name="testPartnerGet" classname="persondetails.TestManDetails" time="0"/>
  <testcase name="testPartnerSet" classname="persondetails.TestManDetails" time="0.001"/>
</testsuite>