<?xml version="1.0" encoding="UTF-8"?>
<!-- Generated by org.testng.reporters.JUnitReportReporter -->
<testsuite hostname="DESKTOP-G73396H" failures="0" tests="13" name="persondetails.TestManDetails" time="0.030" errors="0" timestamp="2023-05-28T19:37:56 EEST" skipped="0">
  <testcase classname="persondetails.TestManDetails" name="testHobbyGet" time="0.004"/>
  <system-out/>
  <testcase classname="persondetails.TestManDetails" name="testHobbySet" time="0.002"/>
  <system-out/>
  <testcase classname="persondetails.TestManDetails" name="testIfHasBadge" time="0.004"/>
  <system-out/>
  <testcase classname="persondetails.TestManDetails" name="testIfContain" time="0.002"/>
  <system-out/>
  <testcase classname="persondetails.TestManDetails" name="testPartnerSet" time="0.001"/>
  <system-out/>
  <testcase classname="persondetails.TestManDetails" name="testAgeSet" time="0.005"/>
  <system-out/>
  <testcase classname="persondetails.TestManDetails" name="testLastNameGet" time="0.001"/>
  <system-out/>
  <testcase classname="persondetails.TestManDetails" name="testFirstNameGet" time="0.002"/>
  <system-out/>
  <testcase classname="persondetails.TestManDetails" name="testAgeGet" time="0.002"/>
  <system-out/>
  <testcase classname="persondetails.TestManDetails" name="testFirstNameSet" time="0.000"/>
  <system-out/>
  <testcase classname="persondetails.TestManDetails" name="testIfManRetired" time="0.002"/>
  <system-out/>
  <testcase classname="persondetails.TestManDetails" name="testLastNameSet" time="0.004"/>
  <system-out/>
  <testcase classname="persondetails.TestManDetails" name="testPartnerGet" time="0.001"/>
  <system-out/>
</testsuite> <!-- persondetails.TestManDetails -->
