<?xml version="1.0" encoding="UTF-8"?>
<!-- Generated by org.testng.reporters.JUnitReportReporter -->
<testsuite hostname="DESKTOP-G73396H" failures="0" tests="15" name="persondetails.TestWomanDetails" time="0.053" errors="0" timestamp="2023-05-28T19:37:56 EEST" skipped="0">
  <testcase classname="persondetails.TestWomanDetails" name="testAgeGet" time="0.008"/>
  <system-out/>
  <testcase classname="persondetails.TestWomanDetails" name="testIfDeregisterPartnership" time="0.003"/>
  <system-out/>
  <testcase classname="persondetails.TestWomanDetails" name="testFirstNameGet" time="0.004"/>
  <system-out/>
  <testcase classname="persondetails.TestWomanDetails" name="testFirstNameSet" time="0.004"/>
  <system-out/>
  <testcase classname="persondetails.TestWomanDetails" name="testAgeSet" time="0.002"/>
  <system-out/>
  <testcase classname="persondetails.TestWomanDetails" name="testIfWomanRetired" time="0.000"/>
  <system-out/>
  <testcase classname="persondetails.TestWomanDetails" name="testLastNameGet" time="0.002"/>
  <system-out/>
  <testcase classname="persondetails.TestWomanDetails" name="testPartnerGet" time="0.001"/>
  <system-out/>
  <testcase classname="persondetails.TestWomanDetails" name="testPartnerSet" time="0.002"/>
  <system-out/>
  <testcase classname="persondetails.TestWomanDetails" name="testLastNameSet" time="0.019"/>
  <system-out/>
  <testcase classname="persondetails.TestWomanDetails" name="testIfRegisterPartnership" time="0.002"/>
  <system-out/>
  <testcase classname="persondetails.TestWomanDetails" name="testIfHasBadge" time="0.001"/>
  <system-out/>
  <testcase classname="persondetails.TestWomanDetails" name="testHobbyGet" time="0.003"/>
  <system-out/>
  <testcase classname="persondetails.TestWomanDetails" name="testIfContain" time="0.001"/>
  <system-out/>
  <testcase classname="persondetails.TestWomanDetails" name="testHobbySet" time="0.001"/>
  <system-out/>
</testsuite> <!-- persondetails.TestWomanDetails -->
